Compilación iniciada a las 06/04/2017 20:20:13.
     1>Proyecto "C:\Users\Marc\Desktop\Prince-Of-Persia\2DGame\02-Bubble\02-Bubble\02-Bubble.vcxproj" en el nodo 2 (Build destinos).
     1>ClCompile:
         C:\Program Files (x86)\Microsoft Visual Studio 12.0\VC\bin\CL.exe /c /I"..\..\..\libs\Simple OpenGL Image Library\src" /I..\..\..\libs\freeglut\include /I"..\..\..\libs\glew-1.13.0\include" /I..\..\..\libs\glm /ZI /nologo /W3 /WX- /Od /Oy- /D WIN32 /D _DEBUG /D _CONSOLE /D _LIB /D _UNICODE /D UNICODE /Gm /EHsc /RTC1 /MDd /GS /fp:precise /Zc:wchar_t /Zc:forScope /Fo"Debug\\" /Fd"Debug\vc120.pdb" /Gd /TP /analyze- /errorReport:prompt CoinEasterEgg.cpp Game.cpp HealthInterface.cpp IA.cpp Player.cpp Princess.cpp Scene.cpp Shader.cpp ShaderProgram.cpp Sprite.cpp Texture.cpp TileMap.cpp Torch.cpp TrapDoor.cpp TrapFallingFloor.cpp TrapSaw.cpp TrapSteelBars.cpp main.cpp
         main.cpp
     1>c:\program files (x86)\microsoft visual studio 12.0\vc\include\utility(103): warning C4244: 'inicializando' : conversión de 'const double' a 'int'; posible pérdida de datos
                 c:\users\marc\desktop\prince-of-persia\2dgame\02-bubble\02-bubble\tilemap.h(37) : vea la referencia a la creación de instancias de plantilla de función 'std::pair<int,int>::pair<char,double,void>(const std::pair<char,double> &)' que se está compilando
                 c:\users\marc\desktop\prince-of-persia\2dgame\02-bubble\02-bubble\tilemap.h(37) : vea la referencia a la creación de instancias de plantilla de función 'std::pair<int,int>::pair<char,double,void>(const std::pair<char,double> &)' que se está compilando
         TrapSteelBars.cpp
     1>c:\users\marc\desktop\prince-of-persia\2dgame\02-bubble\02-bubble\trapsteelbars.cpp(92): warning C4244: '=' : conversión de 'float' a 'int'; posible pérdida de datos
     1>c:\users\marc\desktop\prince-of-persia\2dgame\02-bubble\02-bubble\trapsteelbars.cpp(93): warning C4244: '=' : conversión de 'float' a 'int'; posible pérdida de datos
     1>c:\users\marc\desktop\prince-of-persia\2dgame\02-bubble\02-bubble\trapsteelbars.cpp(94): warning C4244: '=' : conversión de 'float' a 'int'; posible pérdida de datos
     1>c:\program files (x86)\microsoft visual studio 12.0\vc\include\utility(103): warning C4244: 'inicializando' : conversión de 'const double' a 'int'; posible pérdida de datos
                 c:\users\marc\desktop\prince-of-persia\2dgame\02-bubble\02-bubble\tilemap.h(37) : vea la referencia a la creación de instancias de plantilla de función 'std::pair<int,int>::pair<char,double,void>(const std::pair<char,double> &)' que se está compilando
                 c:\users\marc\desktop\prince-of-persia\2dgame\02-bubble\02-bubble\tilemap.h(37) : vea la referencia a la creación de instancias de plantilla de función 'std::pair<int,int>::pair<char,double,void>(const std::pair<char,double> &)' que se está compilando
         TrapSaw.cpp
     1>c:\users\marc\desktop\prince-of-persia\2dgame\02-bubble\02-bubble\trapsaw.cpp(102): warning C4244: '=' : conversión de 'float' a 'int'; posible pérdida de datos
     1>c:\users\marc\desktop\prince-of-persia\2dgame\02-bubble\02-bubble\trapsaw.cpp(103): warning C4244: '=' : conversión de 'float' a 'int'; posible pérdida de datos
     1>c:\program files (x86)\microsoft visual studio 12.0\vc\include\utility(103): warning C4244: 'inicializando' : conversión de 'const double' a 'int'; posible pérdida de datos
                 c:\users\marc\desktop\prince-of-persia\2dgame\02-bubble\02-bubble\tilemap.h(37) : vea la referencia a la creación de instancias de plantilla de función 'std::pair<int,int>::pair<char,double,void>(const std::pair<char,double> &)' que se está compilando
                 c:\users\marc\desktop\prince-of-persia\2dgame\02-bubble\02-bubble\tilemap.h(37) : vea la referencia a la creación de instancias de plantilla de función 'std::pair<int,int>::pair<char,double,void>(const std::pair<char,double> &)' que se está compilando
         TrapFallingFloor.cpp
     1>c:\users\marc\desktop\prince-of-persia\2dgame\02-bubble\02-bubble\trapfallingfloor.cpp(65): warning C4244: 'argumento' : conversión de 'float' a 'int'; posible pérdida de datos
     1>c:\users\marc\desktop\prince-of-persia\2dgame\02-bubble\02-bubble\trapfallingfloor.cpp(74): warning C4244: 'argumento' : conversión de 'float' a 'int'; posible pérdida de datos
     1>c:\users\marc\desktop\prince-of-persia\2dgame\02-bubble\02-bubble\trapfallingfloor.cpp(107): warning C4244: 'argumento' : conversión de 'float' a 'int'; posible pérdida de datos
     1>c:\users\marc\desktop\prince-of-persia\2dgame\02-bubble\02-bubble\trapfallingfloor.cpp(110): warning C4244: 'argumento' : conversión de 'float' a 'int'; posible pérdida de datos
     1>c:\users\marc\desktop\prince-of-persia\2dgame\02-bubble\02-bubble\trapfallingfloor.cpp(125): warning C4244: '=' : conversión de 'float' a 'int'; posible pérdida de datos
     1>c:\users\marc\desktop\prince-of-persia\2dgame\02-bubble\02-bubble\trapfallingfloor.cpp(126): warning C4244: '=' : conversión de 'float' a 'int'; posible pérdida de datos
     1>c:\users\marc\desktop\prince-of-persia\2dgame\02-bubble\02-bubble\trapfallingfloor.cpp(127): warning C4244: '=' : conversión de 'float' a 'int'; posible pérdida de datos
     1>c:\program files (x86)\microsoft visual studio 12.0\vc\include\utility(103): warning C4244: 'inicializando' : conversión de 'const double' a 'int'; posible pérdida de datos
                 c:\users\marc\desktop\prince-of-persia\2dgame\02-bubble\02-bubble\tilemap.h(37) : vea la referencia a la creación de instancias de plantilla de función 'std::pair<int,int>::pair<char,double,void>(const std::pair<char,double> &)' que se está compilando
                 c:\users\marc\desktop\prince-of-persia\2dgame\02-bubble\02-bubble\tilemap.h(37) : vea la referencia a la creación de instancias de plantilla de función 'std::pair<int,int>::pair<char,double,void>(const std::pair<char,double> &)' que se está compilando
         TrapDoor.cpp
     1>c:\users\marc\desktop\prince-of-persia\2dgame\02-bubble\02-bubble\trapdoor.cpp(64): warning C4244: 'argumento' : conversión de 'double' a 'int'; posible pérdida de datos
     1>c:\users\marc\desktop\prince-of-persia\2dgame\02-bubble\02-bubble\trapdoor.cpp(83): warning C4244: 'argumento' : conversión de 'float' a 'int'; posible pérdida de datos
     1>c:\users\marc\desktop\prince-of-persia\2dgame\02-bubble\02-bubble\trapdoor.cpp(92): warning C4244: 'argumento' : conversión de 'float' a 'int'; posible pérdida de datos
     1>c:\users\marc\desktop\prince-of-persia\2dgame\02-bubble\02-bubble\trapdoor.cpp(103): warning C4244: 'argumento' : conversión de 'float' a 'int'; posible pérdida de datos
     1>c:\users\marc\desktop\prince-of-persia\2dgame\02-bubble\02-bubble\trapdoor.cpp(107): warning C4244: 'argumento' : conversión de 'float' a 'int'; posible pérdida de datos
     1>c:\users\marc\desktop\prince-of-persia\2dgame\02-bubble\02-bubble\trapdoor.cpp(120): warning C4244: 'argumento' : conversión de 'float' a 'int'; posible pérdida de datos
     1>c:\users\marc\desktop\prince-of-persia\2dgame\02-bubble\02-bubble\trapdoor.cpp(123): warning C4244: 'argumento' : conversión de 'float' a 'int'; posible pérdida de datos
     1>c:\users\marc\desktop\prince-of-persia\2dgame\02-bubble\02-bubble\trapdoor.cpp(127): warning C4244: 'argumento' : conversión de 'float' a 'int'; posible pérdida de datos
     1>c:\users\marc\desktop\prince-of-persia\2dgame\02-bubble\02-bubble\trapdoor.cpp(131): warning C4244: 'argumento' : conversión de 'float' a 'int'; posible pérdida de datos
     1>c:\program files (x86)\microsoft visual studio 12.0\vc\include\utility(103): warning C4244: 'inicializando' : conversión de 'const double' a 'int'; posible pérdida de datos
                 c:\users\marc\desktop\prince-of-persia\2dgame\02-bubble\02-bubble\tilemap.h(37) : vea la referencia a la creación de instancias de plantilla de función 'std::pair<int,int>::pair<char,double,void>(const std::pair<char,double> &)' que se está compilando
                 c:\users\marc\desktop\prince-of-persia\2dgame\02-bubble\02-bubble\tilemap.h(37) : vea la referencia a la creación de instancias de plantilla de función 'std::pair<int,int>::pair<char,double,void>(const std::pair<char,double> &)' que se está compilando
         Torch.cpp
         TileMap.cpp
     1>c:\users\marc\desktop\prince-of-persia\2dgame\02-bubble\02-bubble\tilemap.cpp(190): warning C4101: 'p' : variable local sin referencia
     1>c:\users\marc\desktop\prince-of-persia\2dgame\02-bubble\02-bubble\tilemap.cpp(212): warning C4244: '=' : conversión de 'double' a 'int'; posible pérdida de datos
     1>c:\users\marc\desktop\prince-of-persia\2dgame\02-bubble\02-bubble\tilemap.cpp(224): warning C4244: '=' : conversión de 'double' a 'int'; posible pérdida de datos
     1>c:\program files (x86)\microsoft visual studio 12.0\vc\include\utility(103): warning C4244: 'inicializando' : conversión de 'const double' a 'int'; posible pérdida de datos
                 c:\users\marc\desktop\prince-of-persia\2dgame\02-bubble\02-bubble\tilemap.h(37) : vea la referencia a la creación de instancias de plantilla de función 'std::pair<int,int>::pair<char,double,void>(const std::pair<char,double> &)' que se está compilando
                 c:\users\marc\desktop\prince-of-persia\2dgame\02-bubble\02-bubble\tilemap.h(37) : vea la referencia a la creación de instancias de plantilla de función 'std::pair<int,int>::pair<char,double,void>(const std::pair<char,double> &)' que se está compilando
         Texture.cpp
         Sprite.cpp
         ShaderProgram.cpp
         Shader.cpp
         Scene.cpp
     1>c:\users\marc\desktop\prince-of-persia\2dgame\02-bubble\02-bubble\scene.cpp(61): warning C4244: 'inicializando' : conversión de 'int' a 'const float'; posible pérdida de datos
     1>c:\users\marc\desktop\prince-of-persia\2dgame\02-bubble\02-bubble\scene.cpp(62): warning C4244: 'inicializando' : conversión de 'int' a 'const float'; posible pérdida de datos
     1>c:\users\marc\desktop\prince-of-persia\2dgame\02-bubble\02-bubble\scene.cpp(99): warning C4244: 'inicializando' : conversión de 'int' a 'const float'; posible pérdida de datos
     1>c:\users\marc\desktop\prince-of-persia\2dgame\02-bubble\02-bubble\scene.cpp(100): warning C4244: 'inicializando' : conversión de 'int' a 'const float'; posible pérdida de datos
     1>c:\users\marc\desktop\prince-of-persia\2dgame\02-bubble\02-bubble\scene.cpp(139): warning C4244: 'inicializando' : conversión de 'int' a 'const float'; posible pérdida de datos
     1>c:\users\marc\desktop\prince-of-persia\2dgame\02-bubble\02-bubble\scene.cpp(140): warning C4244: 'inicializando' : conversión de 'int' a 'const float'; posible pérdida de datos
     1>c:\users\marc\desktop\prince-of-persia\2dgame\02-bubble\02-bubble\scene.cpp(154): warning C4244: 'inicializando' : conversión de 'int' a 'const float'; posible pérdida de datos
     1>c:\users\marc\desktop\prince-of-persia\2dgame\02-bubble\02-bubble\scene.cpp(155): warning C4244: 'inicializando' : conversión de 'int' a 'const float'; posible pérdida de datos
     1>c:\users\marc\desktop\prince-of-persia\2dgame\02-bubble\02-bubble\scene.cpp(190): warning C4244: 'inicializando' : conversión de 'int' a 'const float'; posible pérdida de datos
     1>c:\users\marc\desktop\prince-of-persia\2dgame\02-bubble\02-bubble\scene.cpp(191): warning C4244: 'inicializando' : conversión de 'int' a 'const float'; posible pérdida de datos
     1>c:\program files (x86)\microsoft visual studio 12.0\vc\include\utility(103): warning C4244: 'inicializando' : conversión de 'const double' a 'int'; posible pérdida de datos
                 c:\users\marc\desktop\prince-of-persia\2dgame\02-bubble\02-bubble\tilemap.h(37) : vea la referencia a la creación de instancias de plantilla de función 'std::pair<int,int>::pair<char,double,void>(const std::pair<char,double> &)' que se está compilando
                 c:\users\marc\desktop\prince-of-persia\2dgame\02-bubble\02-bubble\tilemap.h(37) : vea la referencia a la creación de instancias de plantilla de función 'std::pair<int,int>::pair<char,double,void>(const std::pair<char,double> &)' que se está compilando
         Princess.cpp
     1>c:\users\marc\desktop\prince-of-persia\2dgame\02-bubble\02-bubble\princess.cpp(16): warning C4244: 'argumento' : conversión de 'double' a 'int'; posible pérdida de datos
         Player.cpp
     1>c:\users\marc\desktop\prince-of-persia\2dgame\02-bubble\02-bubble\player.cpp(556): warning C4244: '=' : conversión de 'float' a 'int'; posible pérdida de datos
     1>c:\users\marc\desktop\prince-of-persia\2dgame\02-bubble\02-bubble\player.cpp(751): warning C4244: 'argumento' : conversión de 'float' a 'int'; posible pérdida de datos
     1>c:\users\marc\desktop\prince-of-persia\2dgame\02-bubble\02-bubble\player.cpp(762): warning C4244: 'argumento' : conversión de 'float' a 'int'; posible pérdida de datos
     1>c:\users\marc\desktop\prince-of-persia\2dgame\02-bubble\02-bubble\player.cpp(919): warning C4244: 'argumento' : conversión de 'float' a 'int'; posible pérdida de datos
     1>c:\users\marc\desktop\prince-of-persia\2dgame\02-bubble\02-bubble\player.cpp(926): warning C4244: 'argumento' : conversión de 'float' a 'int'; posible pérdida de datos
     1>c:\users\marc\desktop\prince-of-persia\2dgame\02-bubble\02-bubble\player.cpp(937): warning C4244: 'argumento' : conversión de 'float' a 'int'; posible pérdida de datos
     1>c:\users\marc\desktop\prince-of-persia\2dgame\02-bubble\02-bubble\player.cpp(938): warning C4244: 'argumento' : conversión de 'float' a 'int'; posible pérdida de datos
     1>c:\users\marc\desktop\prince-of-persia\2dgame\02-bubble\02-bubble\player.cpp(939): warning C4244: 'argumento' : conversión de 'float' a 'int'; posible pérdida de datos
     1>c:\users\marc\desktop\prince-of-persia\2dgame\02-bubble\02-bubble\player.cpp(940): warning C4244: 'argumento' : conversión de 'float' a 'int'; posible pérdida de datos
     1>c:\users\marc\desktop\prince-of-persia\2dgame\02-bubble\02-bubble\player.cpp(941): warning C4244: 'argumento' : conversión de 'float' a 'int'; posible pérdida de datos
     1>c:\users\marc\desktop\prince-of-persia\2dgame\02-bubble\02-bubble\player.cpp(942): warning C4244: 'argumento' : conversión de 'float' a 'int'; posible pérdida de datos
     1>c:\users\marc\desktop\prince-of-persia\2dgame\02-bubble\02-bubble\player.cpp(943): warning C4244: 'argumento' : conversión de 'float' a 'int'; posible pérdida de datos
     1>c:\users\marc\desktop\prince-of-persia\2dgame\02-bubble\02-bubble\player.cpp(944): warning C4244: 'argumento' : conversión de 'float' a 'int'; posible pérdida de datos
     1>c:\users\marc\desktop\prince-of-persia\2dgame\02-bubble\02-bubble\player.cpp(945): warning C4244: 'argumento' : conversión de 'float' a 'int'; posible pérdida de datos
     1>c:\users\marc\desktop\prince-of-persia\2dgame\02-bubble\02-bubble\player.cpp(946): warning C4244: 'argumento' : conversión de 'float' a 'int'; posible pérdida de datos
     1>c:\users\marc\desktop\prince-of-persia\2dgame\02-bubble\02-bubble\player.cpp(947): warning C4244: 'argumento' : conversión de 'float' a 'int'; posible pérdida de datos
     1>c:\users\marc\desktop\prince-of-persia\2dgame\02-bubble\02-bubble\player.cpp(948): warning C4244: 'argumento' : conversión de 'float' a 'int'; posible pérdida de datos
     1>c:\users\marc\desktop\prince-of-persia\2dgame\02-bubble\02-bubble\player.cpp(953): warning C4244: 'argumento' : conversión de 'float' a 'int'; posible pérdida de datos
     1>c:\users\marc\desktop\prince-of-persia\2dgame\02-bubble\02-bubble\player.cpp(954): warning C4244: 'argumento' : conversión de 'float' a 'int'; posible pérdida de datos
     1>c:\users\marc\desktop\prince-of-persia\2dgame\02-bubble\02-bubble\player.cpp(955): warning C4244: 'argumento' : conversión de 'float' a 'int'; posible pérdida de datos
     1>c:\users\marc\desktop\prince-of-persia\2dgame\02-bubble\02-bubble\player.cpp(956): warning C4244: 'argumento' : conversión de 'float' a 'int'; posible pérdida de datos
     1>c:\users\marc\desktop\prince-of-persia\2dgame\02-bubble\02-bubble\player.cpp(957): warning C4244: 'argumento' : conversión de 'float' a 'int'; posible pérdida de datos
     1>c:\users\marc\desktop\prince-of-persia\2dgame\02-bubble\02-bubble\player.cpp(958): warning C4244: 'argumento' : conversión de 'float' a 'int'; posible pérdida de datos
     1>c:\users\marc\desktop\prince-of-persia\2dgame\02-bubble\02-bubble\player.cpp(959): warning C4244: 'argumento' : conversión de 'float' a 'int'; posible pérdida de datos
     1>c:\users\marc\desktop\prince-of-persia\2dgame\02-bubble\02-bubble\player.cpp(960): warning C4244: 'argumento' : conversión de 'float' a 'int'; posible pérdida de datos
     1>c:\users\marc\desktop\prince-of-persia\2dgame\02-bubble\02-bubble\player.cpp(961): warning C4244: 'argumento' : conversión de 'float' a 'int'; posible pérdida de datos
     1>c:\users\marc\desktop\prince-of-persia\2dgame\02-bubble\02-bubble\player.cpp(962): warning C4244: 'argumento' : conversión de 'float' a 'int'; posible pérdida de datos
     1>c:\users\marc\desktop\prince-of-persia\2dgame\02-bubble\02-bubble\player.cpp(963): warning C4244: 'argumento' : conversión de 'float' a 'int'; posible pérdida de datos
     1>c:\users\marc\desktop\prince-of-persia\2dgame\02-bubble\02-bubble\player.cpp(964): warning C4244: 'argumento' : conversión de 'float' a 'int'; posible pérdida de datos
     1>c:\users\marc\desktop\prince-of-persia\2dgame\02-bubble\02-bubble\player.cpp(983): warning C4244: 'inicializando' : conversión de 'float' a 'int'; posible pérdida de datos
     1>c:\users\marc\desktop\prince-of-persia\2dgame\02-bubble\02-bubble\player.cpp(984): warning C4244: 'inicializando' : conversión de 'float' a 'int'; posible pérdida de datos
     1>c:\users\marc\desktop\prince-of-persia\2dgame\02-bubble\02-bubble\player.cpp(985): warning C4244: '=' : conversión de 'int' a 'float'; posible pérdida de datos
     1>c:\users\marc\desktop\prince-of-persia\2dgame\02-bubble\02-bubble\player.cpp(986): warning C4244: '=' : conversión de 'int' a 'float'; posible pérdida de datos
     1>c:\program files (x86)\microsoft visual studio 12.0\vc\include\utility(103): warning C4244: 'inicializando' : conversión de 'const double' a 'int'; posible pérdida de datos
                 c:\users\marc\desktop\prince-of-persia\2dgame\02-bubble\02-bubble\tilemap.h(37) : vea la referencia a la creación de instancias de plantilla de función 'std::pair<int,int>::pair<char,double,void>(const std::pair<char,double> &)' que se está compilando
                 c:\users\marc\desktop\prince-of-persia\2dgame\02-bubble\02-bubble\tilemap.h(37) : vea la referencia a la creación de instancias de plantilla de función 'std::pair<int,int>::pair<char,double,void>(const std::pair<char,double> &)' que se está compilando
         IA.cpp
     1>c:\users\marc\desktop\prince-of-persia\2dgame\02-bubble\02-bubble\ia.cpp(124): warning C4244: 'inicializando' : conversión de 'float' a 'int'; posible pérdida de datos
     1>c:\users\marc\desktop\prince-of-persia\2dgame\02-bubble\02-bubble\ia.cpp(125): warning C4244: 'inicializando' : conversión de 'float' a 'int'; posible pérdida de datos
     1>c:\users\marc\desktop\prince-of-persia\2dgame\02-bubble\02-bubble\ia.cpp(126): warning C4244: 'inicializando' : conversión de 'float' a 'int'; posible pérdida de datos
     1>c:\users\marc\desktop\prince-of-persia\2dgame\02-bubble\02-bubble\ia.cpp(127): warning C4244: 'inicializando' : conversión de 'float' a 'int'; posible pérdida de datos
     1>c:\program files (x86)\microsoft visual studio 12.0\vc\include\utility(103): warning C4244: 'inicializando' : conversión de 'const double' a 'int'; posible pérdida de datos
                 c:\users\marc\desktop\prince-of-persia\2dgame\02-bubble\02-bubble\tilemap.h(37) : vea la referencia a la creación de instancias de plantilla de función 'std::pair<int,int>::pair<char,double,void>(const std::pair<char,double> &)' que se está compilando
                 c:\users\marc\desktop\prince-of-persia\2dgame\02-bubble\02-bubble\tilemap.h(37) : vea la referencia a la creación de instancias de plantilla de función 'std::pair<int,int>::pair<char,double,void>(const std::pair<char,double> &)' que se está compilando
         HealthInterface.cpp
     1>c:\users\marc\desktop\prince-of-persia\2dgame\02-bubble\02-bubble\healthinterface.cpp(36): warning C4244: 'argumento' : conversión de 'float' a 'int'; posible pérdida de datos
         Game.cpp
     1>c:\program files (x86)\microsoft visual studio 12.0\vc\include\utility(103): warning C4244: 'inicializando' : conversión de 'const double' a 'int'; posible pérdida de datos
                 c:\users\marc\desktop\prince-of-persia\2dgame\02-bubble\02-bubble\tilemap.h(37) : vea la referencia a la creación de instancias de plantilla de función 'std::pair<int,int>::pair<char,double,void>(const std::pair<char,double> &)' que se está compilando
                 c:\users\marc\desktop\prince-of-persia\2dgame\02-bubble\02-bubble\tilemap.h(37) : vea la referencia a la creación de instancias de plantilla de función 'std::pair<int,int>::pair<char,double,void>(const std::pair<char,double> &)' que se está compilando
         CoinEasterEgg.cpp
     1>c:\users\marc\desktop\prince-of-persia\2dgame\02-bubble\02-bubble\coineasteregg.cpp(89): warning C4244: '=' : conversión de 'float' a 'int'; posible pérdida de datos
     1>c:\users\marc\desktop\prince-of-persia\2dgame\02-bubble\02-bubble\coineasteregg.cpp(90): warning C4244: '=' : conversión de 'float' a 'int'; posible pérdida de datos
     1>c:\users\marc\desktop\prince-of-persia\2dgame\02-bubble\02-bubble\coineasteregg.cpp(91): warning C4244: '=' : conversión de 'float' a 'int'; posible pérdida de datos
     1>c:\program files (x86)\microsoft visual studio 12.0\vc\include\utility(103): warning C4244: 'inicializando' : conversión de 'const double' a 'int'; posible pérdida de datos
                 c:\users\marc\desktop\prince-of-persia\2dgame\02-bubble\02-bubble\tilemap.h(37) : vea la referencia a la creación de instancias de plantilla de función 'std::pair<int,int>::pair<char,double,void>(const std::pair<char,double> &)' que se está compilando
                 c:\users\marc\desktop\prince-of-persia\2dgame\02-bubble\02-bubble\tilemap.h(37) : vea la referencia a la creación de instancias de plantilla de función 'std::pair<int,int>::pair<char,double,void>(const std::pair<char,double> &)' que se está compilando
         Generando código...
       Link:
         C:\Program Files (x86)\Microsoft Visual Studio 12.0\VC\bin\link.exe /ERRORREPORT:PROMPT /OUT:"C:\Users\Marc\Desktop\Prince-Of-Persia\2DGame\02-Bubble\Debug\02-Bubble.exe" /INCREMENTAL /NOLOGO /LIBPATH:"..\..\..\libs\Simple OpenGL Image Library\projects\VC9\Debug" /LIBPATH:..\..\..\libs\freeglut\lib /LIBPATH:"..\..\..\libs\glew-1.13.0\lib\Release\Win32" SOIL.lib glew32.lib kernel32.lib user32.lib gdi32.lib winspool.lib comdlg32.lib advapi32.lib shell32.lib ole32.lib oleaut32.lib uuid.lib odbc32.lib odbccp32.lib /MANIFEST /MANIFESTUAC:"level='asInvoker' uiAccess='false'" /manifest:embed /DEBUG /PDB:"C:\Users\Marc\Desktop\Prince-Of-Persia\2DGame\02-Bubble\Debug\02-Bubble.pdb" /SUBSYSTEM:CONSOLE /TLBID:1 /DYNAMICBASE /NXCOMPAT /IMPLIB:"C:\Users\Marc\Desktop\Prince-Of-Persia\2DGame\02-Bubble\Debug\02-Bubble.lib" /MACHINE:X86 Debug\CoinEasterEgg.obj
         Debug\Game.obj
         Debug\HealthInterface.obj
         Debug\IA.obj
         Debug\main.obj
         Debug\Player.obj
         Debug\Princess.obj
         Debug\Scene.obj
         Debug\Shader.obj
         Debug\ShaderProgram.obj
         Debug\Sprite.obj
         Debug\Texture.obj
         Debug\TileMap.obj
         Debug\Torch.obj
         Debug\TrapDoor.obj
         Debug\TrapFallingFloor.obj
         Debug\TrapSaw.obj
         Debug\TrapSteelBars.obj
     1>SOIL.lib(image_DXT.obj) : warning LNK4099: no se encontró PDB 'vc100.pdb' con 'SOIL.lib(image_DXT.obj)' o en 'C:\Users\Marc\Desktop\Prince-Of-Persia\2DGame\02-Bubble\Debug\vc100.pdb'; se vinculará el objeto sin tener en cuenta información de depuración
     1>SOIL.lib(image_helper.obj) : warning LNK4099: no se encontró PDB 'vc100.pdb' con 'SOIL.lib(image_helper.obj)' o en 'C:\Users\Marc\Desktop\Prince-Of-Persia\2DGame\02-Bubble\Debug\vc100.pdb'; se vinculará el objeto sin tener en cuenta información de depuración
     1>SOIL.lib(SOIL.obj) : warning LNK4099: no se encontró PDB 'vc100.pdb' con 'SOIL.lib(SOIL.obj)' o en 'C:\Users\Marc\Desktop\Prince-Of-Persia\2DGame\02-Bubble\Debug\vc100.pdb'; se vinculará el objeto sin tener en cuenta información de depuración
     1>SOIL.lib(stb_image_aug.obj) : warning LNK4099: no se encontró PDB 'vc100.pdb' con 'SOIL.lib(stb_image_aug.obj)' o en 'C:\Users\Marc\Desktop\Prince-Of-Persia\2DGame\02-Bubble\Debug\vc100.pdb'; se vinculará el objeto sin tener en cuenta información de depuración
         02-Bubble.vcxproj -> C:\Users\Marc\Desktop\Prince-Of-Persia\2DGame\02-Bubble\Debug\02-Bubble.exe
     1>Compilación del proyecto terminada "C:\Users\Marc\Desktop\Prince-Of-Persia\2DGame\02-Bubble\02-Bubble\02-Bubble.vcxproj" (Build destinos).

Compilación correcta.

Tiempo transcurrido 00:00:08.85
